
Circuit 1 cell sky130_fd_pr__nfet_01v8 is a black box; will not flatten Circuit 2
Warning: Equate pins:  cell sky130_fd_pr__nfet_01v8 is a placeholder, treated as a black box.

Subcircuit pins:
Circuit 1: sky130_fd_pr__nfet_01v8         |Circuit 2: sky130_fd_pr__nfet_01v8         
-------------------------------------------|-------------------------------------------
(no matching pin)                          |d                                          
(no matching pin)                          |g                                          
(no matching pin)                          |s                                          
(no matching pin)                          |b                                          
---------------------------------------------------------------------------------------
Cell pin lists for sky130_fd_pr__nfet_01v8 and sky130_fd_pr__nfet_01v8 altered to match.
Device classes sky130_fd_pr__nfet_01v8 and sky130_fd_pr__nfet_01v8 are equivalent.

Circuit 1 cell sky130_fd_pr__pfet_01v8 is a black box; will not flatten Circuit 2
Warning: Equate pins:  cell sky130_fd_pr__pfet_01v8 is a placeholder, treated as a black box.

Subcircuit pins:
Circuit 1: sky130_fd_pr__pfet_01v8         |Circuit 2: sky130_fd_pr__pfet_01v8         
-------------------------------------------|-------------------------------------------
(no matching pin)                          |d                                          
(no matching pin)                          |g                                          
(no matching pin)                          |s                                          
(no matching pin)                          |b                                          
---------------------------------------------------------------------------------------
Cell pin lists for sky130_fd_pr__pfet_01v8 and sky130_fd_pr__pfet_01v8 altered to match.
Device classes sky130_fd_pr__pfet_01v8 and sky130_fd_pr__pfet_01v8 are equivalent.

Subcircuit summary:
Circuit 1: inverter                        |Circuit 2: inverter                        
-------------------------------------------|-------------------------------------------
sky130_fd_pr__nfet_01v8 (1)                |sky130_fd_pr__nfet_01v8 (1)                
sky130_fd_pr__pfet_01v8 (1)                |sky130_fd_pr__pfet_01v8 (1)                
Number of devices: 2                       |Number of devices: 2                       
Number of nets: 12                         |Number of nets: 12                         
---------------------------------------------------------------------------------------
NET mismatches: Class fragments follow (with fanout counts):
Circuit 1: inverter                        |Circuit 2: inverter                        

---------------------------------------------------------------------------------------
Net: dummy_12                              |Net: dummy_12                              
  sky130_fd_pr__pfet_01v8/proxyb = 1       |  sky130_fd_pr__pfet_01v8/proxy4 = 1       
                                           |                                           
Net: dummy_11                              |Net: dummy_11                              
  sky130_fd_pr__pfet_01v8/proxys = 1       |  sky130_fd_pr__pfet_01v8/proxy3 = 1       
                                           |                                           
Net: dummy_10                              |Net: dummy_10                              
  sky130_fd_pr__pfet_01v8/proxyg = 1       |  sky130_fd_pr__pfet_01v8/proxy2 = 1       
                                           |                                           
Net: dummy_9                               |Net: dummy_9                               
  sky130_fd_pr__pfet_01v8/proxyd = 1       |  sky130_fd_pr__pfet_01v8/proxy1 = 1       
                                           |                                           
Net: dummy_8                               |Net: dummy_8                               
  sky130_fd_pr__nfet_01v8/proxyb = 1       |  sky130_fd_pr__nfet_01v8/proxy4 = 1       
                                           |                                           
Net: dummy_7                               |Net: dummy_7                               
  sky130_fd_pr__nfet_01v8/proxys = 1       |  sky130_fd_pr__nfet_01v8/proxy3 = 1       
                                           |                                           
Net: dummy_6                               |Net: dummy_6                               
  sky130_fd_pr__nfet_01v8/proxyg = 1       |  sky130_fd_pr__nfet_01v8/proxy2 = 1       
                                           |                                           
Net: dummy_5                               |Net: dummy_5                               
  sky130_fd_pr__nfet_01v8/proxyd = 1       |  sky130_fd_pr__nfet_01v8/proxy1 = 1       
---------------------------------------------------------------------------------------

---------------------------------------------------------------------------------------
Net: VP                                    |Net: VDD                                   
  sky130_fd_pr__pfet_01v8/(1|3) = 1        |  sky130_fd_pr__pfet_01v8/s = 1            
  sky130_fd_pr__pfet_01v8/4 = 1            |  sky130_fd_pr__pfet_01v8/b = 1            
                                           |                                           
Net: VN                                    |Net: GND                                   
  sky130_fd_pr__nfet_01v8/(1|3) = 1        |  sky130_fd_pr__nfet_01v8/s = 1            
  sky130_fd_pr__nfet_01v8/4 = 1            |  sky130_fd_pr__nfet_01v8/b = 1            
                                           |                                           
Net: A                                     |Net: A                                     
  sky130_fd_pr__nfet_01v8/2 = 1            |  sky130_fd_pr__nfet_01v8/g = 1            
  sky130_fd_pr__pfet_01v8/2 = 1            |  sky130_fd_pr__pfet_01v8/g = 1            
                                           |                                           
Net: B                                     |Net: Y                                     
  sky130_fd_pr__nfet_01v8/(1|3) = 1        |  sky130_fd_pr__nfet_01v8/d = 1            
  sky130_fd_pr__pfet_01v8/(1|3) = 1        |  sky130_fd_pr__pfet_01v8/d = 1            
---------------------------------------------------------------------------------------
DEVICE mismatches: Class fragments follow (with node fanout counts):
Circuit 1: inverter                        |Circuit 2: inverter                        

---------------------------------------------------------------------------------------
Instance: sky130_fd_pr__pfet_01v8:1        |Instance: sky130_fd_pr__pfet_01v8:M2       
  (1,3) = (2,2)                            |  proxy1 = 1                               
  2 = 2                                    |  proxy2 = 1                               
  4 = 2                                    |  proxy3 = 1                               
  proxyd = 1                               |  proxy4 = 1                               
  proxyg = 1                               |  d = 2                                    
  proxys = 1                               |  g = 2                                    
  proxyb = 1                               |  s = 2                                    
                                           |  b = 2                                    
---------------------------------------------------------------------------------------

---------------------------------------------------------------------------------------
Instance: sky130_fd_pr__nfet_01v8:0        |Instance: sky130_fd_pr__nfet_01v8:M1       
  (1,3) = (2,2)                            |  proxy1 = 1                               
  2 = 2                                    |  proxy2 = 1                               
  4 = 2                                    |  proxy3 = 1                               
  proxyd = 1                               |  proxy4 = 1                               
  proxyg = 1                               |  d = 2                                    
  proxys = 1                               |  g = 2                                    
  proxyb = 1                               |  s = 2                                    
                                           |  b = 2                                    
---------------------------------------------------------------------------------------
Netlists do not match.
Port matching may fail to disambiguate symmetries.

Subcircuit pins:
Circuit 1: inverter                        |Circuit 2: inverter                        
-------------------------------------------|-------------------------------------------
VP                                         |VDD **Mismatch**                           
VN                                         |GND **Mismatch**                           
A                                          |A                                          
B                                          |Y **Mismatch**                             
---------------------------------------------------------------------------------------
Cell pin lists for inverter and inverter altered to match.
Device classes inverter and inverter are equivalent.

Final result: Top level cell failed pin matching.
